<?xml version="1.0" encoding="UTF-8"?>
<!-- Generated by org.testng.reporters.JUnitReportReporter -->
<testsuite hostname="DESKTOP-4JPJ2DI" failures="0" tests="4" name="testngp.dtest" time="0.030" errors="0" timestamp="20 Oct 2018 10:36:14 GMT" skipped="0">
  <testcase classname="testngp.dtest" name="ram" time="0.005"/>
  <testcase classname="testngp.dtest" name="f" time="0.019"/>
  <testcase classname="testngp.dtest" name="g" time="0.003"/>
  <testcase classname="testngp.dtest" name="a" time="0.003"/>
</testsuite> <!-- testngp.dtest -->
