<?xml version="1.0" encoding="UTF-8"?>
<!-- Generated by org.testng.reporters.JUnitReportReporter -->
<testsuite hostname="DESKTOP-4JPJ2DI" failures="0" tests="8" name="testngp.Repoter" time="0.088" errors="0" timestamp="20 Oct 2018 18:23:05 GMT" skipped="0">
  <testcase classname="testngp.Repoter" name="m3" time="0.008"/>
  <testcase classname="testngp.Repoter" name="m6" time="0.004"/>
  <testcase classname="testngp.Repoter" name="m2" time="0.008"/>
  <testcase classname="testngp.Repoter" name="m1" time="0.036"/>
  <testcase classname="testngp.Repoter" name="m7" time="0.012"/>
  <testcase classname="testngp.Repoter" name="m4" time="0.004"/>
  <testcase classname="testngp.Repoter" name="m8" time="0.004"/>
  <testcase classname="testngp.Repoter" name="m5" time="0.012"/>
</testsuite> <!-- testngp.Repoter -->
