<?xml version="1.0" encoding="UTF-8"?>
<!-- Generated by org.testng.reporters.JUnitReportReporter -->
<testsuite hostname="DESKTOP-4JPJ2DI" failures="0" tests="2" name="testngp.method2" time="0.022" errors="0" timestamp="20 Oct 2018 06:07:30 GMT" skipped="0">
  <testcase classname="testngp.method2" name="testMethod" time="0.018"/>
  <testcase classname="testngp.method2" name="testMethod" time="0.004"/>
</testsuite> <!-- testngp.method2 -->
