<?xml version="1.0" encoding="UTF-8"?>
<!-- Generated by org.testng.reporters.JUnitReportReporter -->
<testsuite hostname="DESKTOP-4JPJ2DI" failures="0" tests="1" name="testngp.Test1" time="0.019" errors="0" timestamp="20 Oct 2018 04:08:25 GMT" skipped="0">
  <testcase classname="testngp.Test1" name="f" time="0.019"/>
</testsuite> <!-- testngp.Test1 -->
