<?xml version="1.0" encoding="UTF-8"?>
<!-- Generated by org.testng.reporters.JUnitReportReporter -->
<testsuite hostname="DESKTOP-4JPJ2DI" failures="0" tests="2" name="testngp.DataProviderclass" time="0.024" errors="0" timestamp="20 Oct 2018 05:26:10 GMT" skipped="0">
  <testcase classname="testngp.DataProviderclass" name="testMethod" time="0.020"/>
  <testcase classname="testngp.DataProviderclass" name="testMethod" time="0.004"/>
</testsuite> <!-- testngp.DataProviderclass -->
