<?xml version="1.0" encoding="UTF-8"?>
<!-- Generated by org.testng.reporters.JUnitReportReporter -->
<testsuite hostname="DESKTOP-4JPJ2DI" failures="0" tests="2" name="testngp.parallel" time="20.068" errors="0" timestamp="20 Oct 2018 11:38:57 GMT" skipped="0">
  <testcase classname="testngp.parallel" name="m1" time="10.034"/>
  <testcase classname="testngp.parallel" name="m2" time="10.034"/>
</testsuite> <!-- testngp.parallel -->
