<?xml version="1.0" encoding="UTF-8"?>
<!-- Generated by org.testng.reporters.JUnitReportReporter -->
<testsuite hostname="DESKTOP-4JPJ2DI" failures="0" tests="2" name="testngp.Method" time="0.021" errors="0" timestamp="20 Oct 2018 05:26:53 GMT" skipped="0">
  <testcase classname="testngp.Method" name="testMethod" time="0.018"/>
  <testcase classname="testngp.Method" name="testMethod" time="0.003"/>
</testsuite> <!-- testngp.Method -->
