<?xml version="1.0" encoding="UTF-8"?>
<!-- Generated by org.testng.reporters.JUnitReportReporter -->
<testsuite hostname="DESKTOP-4JPJ2DI" failures="0" tests="2" name="testngp.groups1" time="0.020" errors="0" timestamp="20 Oct 2018 06:25:26 GMT" skipped="0">
  <testcase classname="testngp.groups1" name="m2" time="0.017"/>
  <testcase classname="testngp.groups1" name="m4" time="0.003"/>
</testsuite> <!-- testngp.groups1 -->
